Using pre-set license
Built from '2020.3/staging' branch; Version is '2020.3.8f1 (507919d4fff5) revision 5273881'; Using compiler version '192528614'; Build Type 'Release'
OS: 'Windows 10 Home Single Language; OS build 19043.1110; Version 2009; 64bit' Language: 'es' Physical Memory: 10178 MB
BatchMode: 1, IsHumanControllingUs: 0, StartBugReporterOnCrash: 0, Is64bit: 1, IsPro: 0

 COMMAND LINE ARGUMENTS:
D:\Unity\2020.3.8f1\Editor\Unity.exe
-adb2
-batchMode
-noUpm
-name
AssetImportWorker0
-projectPath
D:/Unity/Prueba/Lilith2D
-logFile
Logs/AssetImportWorker0.log
-srvPort
61995
Successfully changed project path to: D:/Unity/Prueba/Lilith2D
D:/Unity/Prueba/Lilith2D
Using Asset Import Pipeline V2.
Refreshing native plugins compatible for Editor in 88.50 ms, found 1 plugins.
Preloading 0 native plugins for Editor in 0.00 ms.
Initialize engine version: 2020.3.8f1 (507919d4fff5)
[Subsystems] Discovering subsystems at path D:/Unity/2020.3.8f1/Editor/Data/Resources/UnitySubsystems
[Subsystems] Discovering subsystems at path D:/Unity/Prueba/Lilith2D/Assets
GfxDevice: creating device client; threaded=0
Direct3D:
    Version:  Direct3D 11.0 [level 11.1]
    Renderer: Radeon RX 560X Series (ID=0x67ef)
    Vendor:   
    VRAM:     4077 MB
    Driver:   27.20.1028.1
Initialize mono
Mono path[0] = 'D:/Unity/2020.3.8f1/Editor/Data/Managed'
Mono path[1] = 'D:/Unity/2020.3.8f1/Editor/Data/MonoBleedingEdge/lib/mono/unityjit'
Mono config path = 'D:/Unity/2020.3.8f1/Editor/Data/MonoBleedingEdge/etc'
Using monoOptions --debugger-agent=transport=dt_socket,embedding=1,server=y,suspend=n,address=127.0.0.1:56044
Begin MonoManager ReloadAssembly
Registering precompiled unity dll's ...
Register platform support module: D:/Unity/2020.3.8f1/Editor/Data/PlaybackEngines/WebGLSupport/UnityEditor.WebGL.Extensions.dll
Register platform support module: D:/Unity/2020.3.8f1/Editor/Data/PlaybackEngines/WindowsStandaloneSupport/UnityEditor.WindowsStandalone.Extensions.dll
Registered in 0.003072 seconds.
Native extension for WindowsStandalone target not found
Native extension for WebGL target not found
Refreshing native plugins compatible for Editor in 99.09 ms, found 1 plugins.
Preloading 0 native plugins for Editor in 0.00 ms.
Mono: successfully reloaded assembly
- Completed reload, in  2.651 seconds
Platform modules already initialized, skipping
Registering precompiled user dll's ...
Registered in 0.002570 seconds.
Begin MonoManager ReloadAssembly
Native extension for WindowsStandalone target not found
Native extension for WebGL target not found
Refreshing native plugins compatible for Editor in 87.46 ms, found 1 plugins.
Preloading 0 native plugins for Editor in 0.00 ms.
Mono: successfully reloaded assembly
- Completed reload, in  2.267 seconds
Platform modules already initialized, skipping
========================================================================
Worker process is ready to serve import requests
Launched and connected shader compiler UnityShaderCompiler.exe after 0.10 seconds
Refreshing native plugins compatible for Editor in 0.63 ms, found 1 plugins.
Preloading 0 native plugins for Editor in 0.00 ms.
Unloading 1808 Unused Serialized files (Serialized files now loaded: 0)
System memory in use before: 84.8 MB.
System memory in use after: 84.8 MB.

Unloading 24 unused Assets to reduce memory usage. Loaded Objects now: 2250.
Total: 4.990400 ms (FindLiveObjects: 0.325200 ms CreateObjectMapping: 0.100500 ms MarkObjects: 4.283300 ms  DeleteObjects: 0.277600 ms)

========================================================================
Received Import Request.
  path: Assets/c292f0d8.jpg
  artifactKey: Guid(730dbff8777240447a81f6839427dfe9) Importer(815301076,1909f56bfc062723c751e8b465ee728b)
Start importing Assets/c292f0d8.jpg using Guid(730dbff8777240447a81f6839427dfe9) Importer(815301076,1909f56bfc062723c751e8b465ee728b)  -> (artifact id: 'fe4a5501d28cb9c1b5bb853104bd1828') in 0.266834 seconds
  Import took 0.273564 seconds .

========================================================================
Received Import Request.
  Time since last request: 6.741495 seconds.
  path: Assets
  artifactKey: Guid(00000000000000001000000000000000) Importer(815301076,1909f56bfc062723c751e8b465ee728b)
Start importing Assets using Guid(00000000000000001000000000000000) Importer(815301076,1909f56bfc062723c751e8b465ee728b)  -> (artifact id: '42d402b061de3733987d63b9cc3b64de') in 0.014246 seconds
  Import took 0.082946 seconds .

========================================================================
Received Import Request.
  Time since last request: 3.708734 seconds.
  path: Assets
  artifactKey: Guid(00000000000000001000000000000000) Importer(815301076,1909f56bfc062723c751e8b465ee728b)
Start importing Assets using Guid(00000000000000001000000000000000) Importer(815301076,1909f56bfc062723c751e8b465ee728b)  -> (artifact id: '42d402b061de3733987d63b9cc3b64de') in 0.005538 seconds
  Import took 0.013542 seconds .

========================================================================
Received Import Request.
  Time since last request: 6.336936 seconds.
  path: Assets/Monaschinas.cs
  artifactKey: Guid(fcae96562712a0d4fb4c9318efdc304c) Importer(815301076,1909f56bfc062723c751e8b465ee728b)
Start importing Assets/Monaschinas.cs using Guid(fcae96562712a0d4fb4c9318efdc304c) Importer(815301076,1909f56bfc062723c751e8b465ee728b)  -> (artifact id: 'f0866de1d912a8da93a48ba31f9384ea') in 0.022283 seconds
  Import took 0.040612 seconds .

========================================================================
Received Prepare
Registering precompiled user dll's ...
Registered in 0.001578 seconds.
Begin MonoManager ReloadAssembly
Native extension for WindowsStandalone target not found
Native extension for WebGL target not found
Refreshing native plugins compatible for Editor in 0.74 ms, found 1 plugins.
Preloading 0 native plugins for Editor in 0.00 ms.
Mono: successfully reloaded assembly
- Completed reload, in  2.064 seconds
Platform modules already initialized, skipping
Refreshing native plugins compatible for Editor in 0.65 ms, found 1 plugins.
Preloading 0 native plugins for Editor in 0.00 ms.
Unloading 1804 Unused Serialized files (Serialized files now loaded: 0)
System memory in use before: 87.9 MB.
System memory in use after: 87.9 MB.

Unloading 12 unused Assets to reduce memory usage. Loaded Objects now: 2261.
Total: 4.052700 ms (FindLiveObjects: 0.325300 ms CreateObjectMapping: 0.098900 ms MarkObjects: 3.421300 ms  DeleteObjects: 0.204200 ms)

========================================================================
Received Import Request.
  Time since last request: 714.068823 seconds.
  path: Assets/Scenes
  artifactKey: Guid(d30fc6edb778a444cb1cd1d4b59dd80d) Importer(815301076,1909f56bfc062723c751e8b465ee728b)
Start importing Assets/Scenes using Guid(d30fc6edb778a444cb1cd1d4b59dd80d) Importer(815301076,1909f56bfc062723c751e8b465ee728b)  -> (artifact id: '8bb01c8e923dfa033d3f3c657d4e67ce') in 0.025467 seconds
  Import took 0.056681 seconds .

========================================================================
Received Import Request.
  Time since last request: 0.014554 seconds.
  path: Assets/Scenes
  artifactKey: Guid(d30fc6edb778a444cb1cd1d4b59dd80d) Importer(815301076,1909f56bfc062723c751e8b465ee728b)
Start importing Assets/Scenes using Guid(d30fc6edb778a444cb1cd1d4b59dd80d) Importer(815301076,1909f56bfc062723c751e8b465ee728b)  -> (artifact id: '8bb01c8e923dfa033d3f3c657d4e67ce') in 0.003941 seconds
  Import took 0.010498 seconds .

AssetImportWorkerClient::OnTransportError - code=2 error=End of file
